Generated at 2025-11-24 15:01:13 +0000
NoMethodError: undefined method `[]' for nil:NilClass
/vagrant/local-mode-cache/cache/cookbooks/apache/recipes/facts.rb:3:in `block in from_file'
/opt/chef/embedded/lib/ruby/gems/3.1.0/gems/chef-18.8.54/lib/chef/resource_builder.rb:70:in `instance_exec'
/opt/chef/embedded/lib/ruby/gems/3.1.0/gems/chef-18.8.54/lib/chef/resource_builder.rb:70:in `build'
/opt/chef/embedded/lib/ruby/gems/3.1.0/gems/chef-18.8.54/lib/chef/dsl/declare_resource.rb:313:in `build_resource'
/opt/chef/embedded/lib/ruby/gems/3.1.0/gems/chef-18.8.54/lib/chef/dsl/declare_resource.rb:265:in `declare_resource'
/opt/chef/embedded/lib/ruby/gems/3.1.0/gems/chef-18.8.54/lib/chef/dsl/resources.rb:36:in `log'
/vagrant/local-mode-cache/cache/cookbooks/apache/recipes/facts.rb:1:in `from_file'
/opt/chef/embedded/lib/ruby/gems/3.1.0/gems/chef-18.8.54/lib/chef/mixin/from_file.rb:34:in `instance_eval'
/opt/chef/embedded/lib/ruby/gems/3.1.0/gems/chef-18.8.54/lib/chef/mixin/from_file.rb:34:in `from_file'
/opt/chef/embedded/lib/ruby/gems/3.1.0/gems/chef-18.8.54/lib/chef/cookbook_version.rb:262:in `load_ruby_recipe'
/opt/chef/embedded/lib/ruby/gems/3.1.0/gems/chef-18.8.54/lib/chef/cookbook_version.rb:217:in `load_recipe'
/opt/chef/embedded/lib/ruby/gems/3.1.0/gems/chef-18.8.54/lib/chef/run_context.rb:429:in `load_recipe'
/opt/chef/embedded/lib/ruby/gems/3.1.0/gems/chef-18.8.54/lib/chef/run_context.rb:385:in `block in include_recipe'
/opt/chef/embedded/lib/ruby/gems/3.1.0/gems/chef-18.8.54/lib/chef/run_context.rb:384:in `each'
/opt/chef/embedded/lib/ruby/gems/3.1.0/gems/chef-18.8.54/lib/chef/run_context.rb:384:in `include_recipe'
/opt/chef/embedded/lib/ruby/gems/3.1.0/gems/chef-18.8.54/lib/chef/dsl/include_recipe.rb:26:in `include_recipe'
/vagrant/local-mode-cache/cache/cookbooks/apache/recipes/default.rb:37:in `from_file'
/opt/chef/embedded/lib/ruby/gems/3.1.0/gems/chef-18.8.54/lib/chef/mixin/from_file.rb:34:in `instance_eval'
/opt/chef/embedded/lib/ruby/gems/3.1.0/gems/chef-18.8.54/lib/chef/mixin/from_file.rb:34:in `from_file'
/opt/chef/embedded/lib/ruby/gems/3.1.0/gems/chef-18.8.54/lib/chef/cookbook_version.rb:262:in `load_ruby_recipe'
/opt/chef/embedded/lib/ruby/gems/3.1.0/gems/chef-18.8.54/lib/chef/cookbook_version.rb:217:in `load_recipe'
/opt/chef/embedded/lib/ruby/gems/3.1.0/gems/chef-18.8.54/lib/chef/run_context.rb:429:in `load_recipe'
/opt/chef/embedded/lib/ruby/gems/3.1.0/gems/chef-18.8.54/lib/chef/run_context/cookbook_compiler.rb:228:in `block in compile_recipes'
/opt/chef/embedded/lib/ruby/gems/3.1.0/gems/chef-18.8.54/lib/chef/run_context/cookbook_compiler.rb:225:in `each'
/opt/chef/embedded/lib/ruby/gems/3.1.0/gems/chef-18.8.54/lib/chef/run_context/cookbook_compiler.rb:225:in `compile_recipes'
/opt/chef/embedded/lib/ruby/gems/3.1.0/gems/chef-18.8.54/lib/chef/run_context/cookbook_compiler.rb:109:in `compile'
/opt/chef/embedded/lib/ruby/gems/3.1.0/gems/chef-18.8.54/lib/chef/run_context.rb:259:in `load'
/opt/chef/embedded/lib/ruby/gems/3.1.0/gems/chef-18.8.54/lib/chef/policy_builder/expand_node_object.rb:103:in `setup_run_context'
/opt/chef/embedded/lib/ruby/3.1.0/forwardable.rb:238:in `setup_run_context'
/opt/chef/embedded/lib/ruby/gems/3.1.0/gems/chef-18.8.54/lib/chef/client.rb:493:in `setup_run_context'
/opt/chef/embedded/lib/ruby/gems/3.1.0/gems/chef-18.8.54/lib/chef/client.rb:294:in `run'
/opt/chef/embedded/lib/ruby/gems/3.1.0/gems/chef-18.8.54/lib/chef/application.rb:305:in `run_with_graceful_exit_option'
/opt/chef/embedded/lib/ruby/gems/3.1.0/gems/chef-18.8.54/lib/chef/application.rb:281:in `block in run_chef_client'
/opt/chef/embedded/lib/ruby/gems/3.1.0/gems/chef-18.8.54/lib/chef/local_mode.rb:42:in `with_server_connectivity'
/opt/chef/embedded/lib/ruby/gems/3.1.0/gems/chef-18.8.54/lib/chef/application.rb:264:in `run_chef_client'
/opt/chef/embedded/lib/ruby/gems/3.1.0/gems/chef-18.8.54/lib/chef/application/base.rb:354:in `run_application'
/opt/chef/embedded/lib/ruby/gems/3.1.0/gems/chef-18.8.54/lib/chef/application.rb:67:in `run'
/opt/chef/embedded/lib/ruby/gems/3.1.0/gems/chef-18.8.54/lib/chef/application/solo.rb:60:in `run'
/opt/chef/embedded/lib/ruby/gems/3.1.0/gems/chef-bin-18.8.54/bin/chef-solo:24:in `<top (required)>'
/opt/chef/bin/chef-solo:195:in `load'
/opt/chef/bin/chef-solo:195:in `<main>'